# JRE version: OpenJDK Runtime Environment (21.0.6) (build 21.0.6+-13368085-b895.109)
# Java VM: OpenJDK 64-Bit Server VM (21.0.6+-13368085-b895.109, mixed mode, tiered, compressed oops, compressed class ptrs, g1 gc, windows-amd64)
GC Precious Log:
 CardTable entry size: 512
 Card Set container configuration: InlinePtr #cards 5 size 8 Array Of Cards #cards 12 size 40 Howl #buckets 4 coarsen threshold 1843 Howl Bitmap #cards 512 size 80 coarsen threshold 460 Card regions per heap region 1 cards per card region 2048
 CPUs: 12 total, 12 available
 Memory: 16250M
 Large Page Support: Disabled
 NUMA Support: Disabled
 Compressed Oops: Enabled (32-bit)
 Heap Region Size: 1M
 Heap Min Capacity: 8M
 Heap Initial Capacity: 254M
 Heap Max Capacity: 2G
 Pre-touch: Disabled
 Parallel Workers: 10
 Concurrent Workers: 3
 Concurrent Refinement Workers: 10
 Periodic GC: Disabled
Heap:
 garbage-first heap   total 227328K, used 189634K [0x0000000080000000, 0x0000000100000000)
  region size 1024K, 77 young (78848K), 10 survivors (10240K)
 Metaspace       used 120726K, committed 122944K, reserved 1179648K
  class space    used 16252K, committed 17344K, reserved 1048576K
GC Heap History (20 events):
Event: 9.255 GC heap before
{Heap before GC invocations=31 (full 0):
 garbage-first heap   total 165888K, used 148776K [0x0000000080000000, 0x0000000100000000)
  region size 1024K, 60 young (61440K), 4 survivors (4096K)
 Metaspace       used 97241K, committed 99328K, reserved 1179648K
  class space    used 13091K, committed 14144K, reserved 1048576K
}
Event: 9.258 GC heap after
{Heap after GC invocations=32 (full 0):
 garbage-first heap   total 165888K, used 91556K [0x0000000080000000, 0x0000000100000000)
  region size 1024K, 5 young (5120K), 5 survivors (5120K)
 Metaspace       used 97241K, committed 99328K, reserved 1179648K
  class space    used 13091K, committed 14144K, reserved 1048576K
}
Event: 9.770 GC heap before
{Heap before GC invocations=32 (full 0):
 garbage-first heap   total 165888K, used 150948K [0x0000000080000000, 0x0000000100000000)
  region size 1024K, 63 young (64512K), 5 survivors (5120K)
 Metaspace       used 101587K, committed 103616K, reserved 1179648K
  class space    used 13755K, committed 14784K, reserved 1048576K
}
Event: 9.773 GC heap after
{Heap after GC invocations=33 (full 0):
 garbage-first heap   total 165888K, used 94463K [0x0000000080000000, 0x0000000100000000)
  region size 1024K, 5 young (5120K), 5 survivors (5120K)
 Metaspace       used 101587K, committed 103616K, reserved 1179648K
  class space    used 13755K, committed 14784K, reserved 1048576K
}
Event: 10.264 GC heap before
{Heap before GC invocations=33 (full 0):
 garbage-first heap   total 165888K, used 150783K [0x0000000080000000, 0x0000000100000000)
  region size 1024K, 60 young (61440K), 5 survivors (5120K)
 Metaspace       used 106166K, committed 108288K, reserved 1179648K
  class space    used 14419K, committed 15488K, reserved 1048576K
}
Event: 10.268 GC heap after
{Heap after GC invocations=34 (full 0):
 garbage-first heap   total 165888K, used 97456K [0x0000000080000000, 0x0000000100000000)
  region size 1024K, 6 young (6144K), 6 survivors (6144K)
 Metaspace       used 106166K, committed 108288K, reserved 1179648K
  class space    used 14419K, committed 15488K, reserved 1048576K
}
Event: 10.771 GC heap before
{Heap before GC invocations=35 (full 0):
 garbage-first heap   total 165888K, used 149680K [0x0000000080000000, 0x0000000100000000)
  region size 1024K, 57 young (58368K), 6 survivors (6144K)
 Metaspace       used 110282K, committed 112448K, reserved 1179648K
  class space    used 15022K, committed 16128K, reserved 1048576K
}
Event: 10.777 GC heap after
{Heap after GC invocations=36 (full 0):
 garbage-first heap   total 165888K, used 100944K [0x0000000080000000, 0x0000000100000000)
  region size 1024K, 7 young (7168K), 7 survivors (7168K)
 Metaspace       used 110282K, committed 112448K, reserved 1179648K
  class space    used 15022K, committed 16128K, reserved 1048576K
}
Event: 11.230 GC heap before
{Heap before GC invocations=36 (full 0):
 garbage-first heap   total 165888K, used 152144K [0x0000000080000000, 0x0000000100000000)
  region size 1024K, 53 young (54272K), 7 survivors (7168K)
 Metaspace       used 113121K, committed 115328K, reserved 1179648K
  class space    used 15310K, committed 16384K, reserved 1048576K
}
Event: 11.237 GC heap after
{Heap after GC invocations=37 (full 0):
 garbage-first heap   total 167936K, used 107364K [0x0000000080000000, 0x0000000100000000)
  region size 1024K, 7 young (7168K), 7 survivors (7168K)
 Metaspace       used 113121K, committed 115328K, reserved 1179648K
  class space    used 15310K, committed 16384K, reserved 1048576K
}
Event: 11.641 GC heap before
{Heap before GC invocations=37 (full 0):
 garbage-first heap   total 167936K, used 151396K [0x0000000080000000, 0x0000000100000000)
  region size 1024K, 50 young (51200K), 7 survivors (7168K)
 Metaspace       used 116315K, committed 118592K, reserved 1179648K
  class space    used 15668K, committed 16832K, reserved 1048576K
}
Event: 11.649 GC heap after
{Heap after GC invocations=38 (full 0):
 garbage-first heap   total 167936K, used 112808K [0x0000000080000000, 0x0000000100000000)
  region size 1024K, 6 young (6144K), 6 survivors (6144K)
 Metaspace       used 116315K, committed 118592K, reserved 1179648K
  class space    used 15668K, committed 16832K, reserved 1048576K
}
Event: 11.782 GC heap before
{Heap before GC invocations=39 (full 0):
 garbage-first heap   total 189440K, used 149672K [0x0000000080000000, 0x0000000100000000)
  region size 1024K, 43 young (44032K), 6 survivors (6144K)
 Metaspace       used 116321K, committed 118592K, reserved 1179648K
  class space    used 15669K, committed 16832K, reserved 1048576K
}
Event: 11.786 GC heap after
{Heap after GC invocations=40 (full 0):
 garbage-first heap   total 189440K, used 114510K [0x0000000080000000, 0x0000000100000000)
  region size 1024K, 4 young (4096K), 4 survivors (4096K)
 Metaspace       used 116321K, committed 118592K, reserved 1179648K
  class space    used 15669K, committed 16832K, reserved 1048576K
}
Event: 12.065 GC heap before
{Heap before GC invocations=40 (full 0):
 garbage-first heap   total 189440K, used 169806K [0x0000000080000000, 0x0000000100000000)
  region size 1024K, 59 young (60416K), 4 survivors (4096K)
 Metaspace       used 116851K, committed 119040K, reserved 1179648K
  class space    used 15769K, committed 16896K, reserved 1048576K
}
Event: 12.069 GC heap after
{Heap after GC invocations=41 (full 0):
 garbage-first heap   total 189440K, used 115766K [0x0000000080000000, 0x0000000100000000)
  region size 1024K, 7 young (7168K), 7 survivors (7168K)
 Metaspace       used 116851K, committed 119040K, reserved 1179648K
  class space    used 15769K, committed 16896K, reserved 1048576K
}
Event: 12.272 GC heap before
{Heap before GC invocations=41 (full 0):
 garbage-first heap   total 189440K, used 170038K [0x0000000080000000, 0x0000000100000000)
  region size 1024K, 61 young (62464K), 7 survivors (7168K)
 Metaspace       used 116983K, committed 119232K, reserved 1179648K
  class space    used 15782K, committed 16896K, reserved 1048576K
}
Event: 12.280 GC heap after
{Heap after GC invocations=42 (full 0):
 garbage-first heap   total 227328K, used 117921K [0x0000000080000000, 0x0000000100000000)
  region size 1024K, 5 young (5120K), 5 survivors (5120K)
 Metaspace       used 116983K, committed 119232K, reserved 1179648K
  class space    used 15782K, committed 16896K, reserved 1048576K
}
Event: 12.855 GC heap before
{Heap before GC invocations=43 (full 0):
 garbage-first heap   total 227328K, used 202913K [0x0000000080000000, 0x0000000100000000)
  region size 1024K, 89 young (91136K), 5 survivors (5120K)
 Metaspace       used 120210K, committed 122368K, reserved 1179648K
  class space    used 16193K, committed 17280K, reserved 1048576K
}
Event: 12.862 GC heap after
{Heap after GC invocations=44 (full 0):
 garbage-first heap   total 227328K, used 123074K [0x0000000080000000, 0x0000000100000000)
  region size 1024K, 10 young (10240K), 10 survivors (10240K)
 Metaspace       used 120210K, committed 122368K, reserved 1179648K
  class space    used 16193K, committed 17280K, reserved 1048576K
}

