# JRE version: OpenJDK Runtime Environment (21.0.6) (build 21.0.6+-13368085-b895.109)
# Java VM: OpenJDK 64-Bit Server VM (21.0.6+-13368085-b895.109, mixed mode, tiered, compressed oops, compressed class ptrs, g1 gc, windows-amd64)
GC Precious Log:
 CardTable entry size: 512
 Card Set container configuration: InlinePtr #cards 5 size 8 Array Of Cards #cards 12 size 40 Howl #buckets 4 coarsen threshold 1843 Howl Bitmap #cards 512 size 80 coarsen threshold 460 Card regions per heap region 1 cards per card region 2048
 CPUs: 12 total, 12 available
 Memory: 16250M
 Large Page Support: Disabled
 NUMA Support: Disabled
 Compressed Oops: Enabled (32-bit)
 Heap Region Size: 1M
 Heap Min Capacity: 8M
 Heap Initial Capacity: 254M
 Heap Max Capacity: 2G
 Pre-touch: Disabled
 Parallel Workers: 10
 Concurrent Workers: 3
 Concurrent Refinement Workers: 10
 Periodic GC: Disabled
Heap:
 garbage-first heap   total 193536K, used 131129K [0x0000000080000000, 0x0000000100000000)
  region size 1024K, 25 young (25600K), 7 survivors (7168K)
 Metaspace       used 120977K, committed 123136K, reserved 1179648K
  class space    used 16274K, committed 17344K, reserved 1048576K
GC Heap History (20 events):
Event: 9.283 GC heap before
{Heap before GC invocations=31 (full 0):
 garbage-first heap   total 126976K, used 109769K [0x0000000080000000, 0x0000000100000000)
  region size 1024K, 34 young (34816K), 5 survivors (5120K)
 Metaspace       used 88581K, committed 90368K, reserved 1179648K
  class space    used 11771K, committed 12672K, reserved 1048576K
}
Event: 9.287 GC heap after
{Heap after GC invocations=32 (full 0):
 garbage-first heap   total 152576K, used 82247K [0x0000000080000000, 0x0000000100000000)
  region size 1024K, 2 young (2048K), 2 survivors (2048K)
 Metaspace       used 88581K, committed 90368K, reserved 1179648K
  class space    used 11771K, committed 12672K, reserved 1048576K
}
Event: 9.776 GC heap before
{Heap before GC invocations=33 (full 0):
 garbage-first heap   total 152576K, used 129351K [0x0000000080000000, 0x0000000100000000)
  region size 1024K, 48 young (49152K), 2 survivors (2048K)
 Metaspace       used 93517K, committed 95360K, reserved 1179648K
  class space    used 12421K, committed 13376K, reserved 1048576K
}
Event: 9.779 GC heap after
{Heap after GC invocations=34 (full 0):
 garbage-first heap   total 152576K, used 84255K [0x0000000080000000, 0x0000000100000000)
  region size 1024K, 4 young (4096K), 4 survivors (4096K)
 Metaspace       used 93517K, committed 95360K, reserved 1179648K
  class space    used 12421K, committed 13376K, reserved 1048576K
}
Event: 10.205 GC heap before
{Heap before GC invocations=34 (full 0):
 garbage-first heap   total 152576K, used 135455K [0x0000000080000000, 0x0000000100000000)
  region size 1024K, 51 young (52224K), 4 survivors (4096K)
 Metaspace       used 96627K, committed 98560K, reserved 1179648K
  class space    used 12863K, committed 13824K, reserved 1048576K
}
Event: 10.210 GC heap after
{Heap after GC invocations=35 (full 0):
 garbage-first heap   total 152576K, used 89784K [0x0000000080000000, 0x0000000100000000)
  region size 1024K, 6 young (6144K), 6 survivors (6144K)
 Metaspace       used 96627K, committed 98560K, reserved 1179648K
  class space    used 12863K, committed 13824K, reserved 1048576K
}
Event: 10.537 GC heap before
{Heap before GC invocations=35 (full 0):
 garbage-first heap   total 152576K, used 134840K [0x0000000080000000, 0x0000000100000000)
  region size 1024K, 50 young (51200K), 6 survivors (6144K)
 Metaspace       used 98628K, committed 100544K, reserved 1179648K
  class space    used 13100K, committed 14080K, reserved 1048576K
}
Event: 10.541 GC heap after
{Heap after GC invocations=36 (full 0):
 garbage-first heap   total 152576K, used 93518K [0x0000000080000000, 0x0000000100000000)
  region size 1024K, 7 young (7168K), 7 survivors (7168K)
 Metaspace       used 98628K, committed 100544K, reserved 1179648K
  class space    used 13100K, committed 14080K, reserved 1048576K
}
Event: 10.918 GC heap before
{Heap before GC invocations=37 (full 0):
 garbage-first heap   total 157696K, used 135502K [0x0000000080000000, 0x0000000100000000)
  region size 1024K, 48 young (49152K), 7 survivors (7168K)
 Metaspace       used 101676K, committed 103616K, reserved 1179648K
  class space    used 13580K, committed 14528K, reserved 1048576K
}
Event: 10.921 GC heap after
{Heap after GC invocations=38 (full 0):
 garbage-first heap   total 157696K, used 94464K [0x0000000080000000, 0x0000000100000000)
  region size 1024K, 2 young (2048K), 2 survivors (2048K)
 Metaspace       used 101676K, committed 103616K, reserved 1179648K
  class space    used 13580K, committed 14528K, reserved 1048576K
}
Event: 11.380 GC heap before
{Heap before GC invocations=38 (full 0):
 garbage-first heap   total 157696K, used 143616K [0x0000000080000000, 0x0000000100000000)
  region size 1024K, 50 young (51200K), 2 survivors (2048K)
 Metaspace       used 105622K, committed 107584K, reserved 1179648K
  class space    used 14254K, committed 15232K, reserved 1048576K
}
Event: 11.383 GC heap after
{Heap after GC invocations=39 (full 0):
 garbage-first heap   total 157696K, used 95621K [0x0000000080000000, 0x0000000100000000)
  region size 1024K, 4 young (4096K), 4 survivors (4096K)
 Metaspace       used 105622K, committed 107584K, reserved 1179648K
  class space    used 14254K, committed 15232K, reserved 1048576K
}
Event: 11.798 GC heap before
{Heap before GC invocations=39 (full 0):
 garbage-first heap   total 157696K, used 142725K [0x0000000080000000, 0x0000000100000000)
  region size 1024K, 50 young (51200K), 4 survivors (4096K)
 Metaspace       used 109279K, committed 111296K, reserved 1179648K
  class space    used 14776K, committed 15808K, reserved 1048576K
}
Event: 11.802 GC heap after
{Heap after GC invocations=40 (full 0):
 garbage-first heap   total 157696K, used 98372K [0x0000000080000000, 0x0000000100000000)
  region size 1024K, 6 young (6144K), 6 survivors (6144K)
 Metaspace       used 109279K, committed 111296K, reserved 1179648K
  class space    used 14776K, committed 15808K, reserved 1048576K
}
Event: 12.175 GC heap before
{Heap before GC invocations=41 (full 0):
 garbage-first heap   total 165888K, used 141380K [0x0000000080000000, 0x0000000100000000)
  region size 1024K, 48 young (49152K), 6 survivors (6144K)
 Metaspace       used 112362K, committed 114432K, reserved 1179648K
  class space    used 15295K, committed 16320K, reserved 1048576K
}
Event: 12.179 GC heap after
{Heap after GC invocations=42 (full 0):
 garbage-first heap   total 165888K, used 99997K [0x0000000080000000, 0x0000000100000000)
  region size 1024K, 5 young (5120K), 5 survivors (5120K)
 Metaspace       used 112362K, committed 114432K, reserved 1179648K
  class space    used 15295K, committed 16320K, reserved 1048576K
}
Event: 12.637 GC heap before
{Heap before GC invocations=42 (full 0):
 garbage-first heap   total 165888K, used 150173K [0x0000000080000000, 0x0000000100000000)
  region size 1024K, 54 young (55296K), 5 survivors (5120K)
 Metaspace       used 116396K, committed 118528K, reserved 1179648K
  class space    used 15810K, committed 16896K, reserved 1048576K
}
Event: 12.642 GC heap after
{Heap after GC invocations=43 (full 0):
 garbage-first heap   total 165888K, used 102878K [0x0000000080000000, 0x0000000100000000)
  region size 1024K, 6 young (6144K), 6 survivors (6144K)
 Metaspace       used 116396K, committed 118528K, reserved 1179648K
  class space    used 15810K, committed 16896K, reserved 1048576K
}
Event: 13.017 GC heap before
{Heap before GC invocations=43 (full 0):
 garbage-first heap   total 165888K, used 140766K [0x0000000080000000, 0x0000000100000000)
  region size 1024K, 45 young (46080K), 6 survivors (6144K)
 Metaspace       used 118663K, committed 120832K, reserved 1179648K
  class space    used 16024K, committed 17088K, reserved 1048576K
}
Event: 13.023 GC heap after
{Heap after GC invocations=44 (full 0):
 garbage-first heap   total 165888K, used 109625K [0x0000000080000000, 0x0000000100000000)
  region size 1024K, 7 young (7168K), 7 survivors (7168K)
 Metaspace       used 118663K, committed 120832K, reserved 1179648K
  class space    used 16024K, committed 17088K, reserved 1048576K
}

