# JRE version: OpenJDK Runtime Environment (21.0.6) (build 21.0.6+-13368085-b895.109)
# Java VM: OpenJDK 64-Bit Server VM (21.0.6+-13368085-b895.109, mixed mode, tiered, compressed oops, compressed class ptrs, g1 gc, windows-amd64)
GC Precious Log:
 CardTable entry size: 512
 Card Set container configuration: InlinePtr #cards 5 size 8 Array Of Cards #cards 12 size 40 Howl #buckets 4 coarsen threshold 1843 Howl Bitmap #cards 512 size 80 coarsen threshold 460 Card regions per heap region 1 cards per card region 2048
 CPUs: 12 total, 12 available
 Memory: 16250M
 Large Page Support: Disabled
 NUMA Support: Disabled
 Compressed Oops: Enabled (32-bit)
 Heap Region Size: 1M
 Heap Min Capacity: 8M
 Heap Initial Capacity: 254M
 Heap Max Capacity: 2G
 Pre-touch: Disabled
 Parallel Workers: 10
 Concurrent Workers: 3
 Concurrent Refinement Workers: 10
 Periodic GC: Disabled
Heap:
 garbage-first heap   total 135168K, used 69310K [0x0000000080000000, 0x0000000100000000)
  region size 1024K, 8 young (8192K), 6 survivors (6144K)
 Metaspace       used 69210K, committed 70912K, reserved 1114112K
  class space    used 9388K, committed 10176K, reserved 1048576K
GC Heap History (20 events):
Event: 3.503 GC heap before
{Heap before GC invocations=10 (full 0):
 garbage-first heap   total 82944K, used 68926K [0x0000000080000000, 0x0000000100000000)
  region size 1024K, 47 young (48128K), 6 survivors (6144K)
 Metaspace       used 46638K, committed 47872K, reserved 1114112K
  class space    used 6225K, committed 6848K, reserved 1048576K
}
Event: 3.508 GC heap after
{Heap after GC invocations=11 (full 0):
 garbage-first heap   total 82944K, used 31464K [0x0000000080000000, 0x0000000100000000)
  region size 1024K, 6 young (6144K), 6 survivors (6144K)
 Metaspace       used 46638K, committed 47872K, reserved 1114112K
  class space    used 6225K, committed 6848K, reserved 1048576K
}
Event: 3.737 GC heap before
{Heap before GC invocations=11 (full 0):
 garbage-first heap   total 82944K, used 71400K [0x0000000080000000, 0x0000000100000000)
  region size 1024K, 45 young (46080K), 6 survivors (6144K)
 Metaspace       used 48726K, committed 50048K, reserved 1114112K
  class space    used 6571K, committed 7232K, reserved 1048576K
}
Event: 3.741 GC heap after
{Heap after GC invocations=12 (full 0):
 garbage-first heap   total 100352K, used 34366K [0x0000000080000000, 0x0000000100000000)
  region size 1024K, 3 young (3072K), 3 survivors (3072K)
 Metaspace       used 48726K, committed 50048K, reserved 1114112K
  class space    used 6571K, committed 7232K, reserved 1048576K
}
Event: 4.282 GC heap before
{Heap before GC invocations=12 (full 0):
 garbage-first heap   total 100352K, used 89662K [0x0000000080000000, 0x0000000100000000)
  region size 1024K, 55 young (56320K), 3 survivors (3072K)
 Metaspace       used 56481K, committed 57984K, reserved 1114112K
  class space    used 7588K, committed 8320K, reserved 1048576K
}
Event: 4.285 GC heap after
{Heap after GC invocations=13 (full 0):
 garbage-first heap   total 100352K, used 36098K [0x0000000080000000, 0x0000000100000000)
  region size 1024K, 5 young (5120K), 5 survivors (5120K)
 Metaspace       used 56481K, committed 57984K, reserved 1114112K
  class space    used 7588K, committed 8320K, reserved 1048576K
}
Event: 4.459 GC heap before
{Heap before GC invocations=13 (full 0):
 garbage-first heap   total 100352K, used 51458K [0x0000000080000000, 0x0000000100000000)
  region size 1024K, 21 young (21504K), 5 survivors (5120K)
 Metaspace       used 58529K, committed 60096K, reserved 1114112K
  class space    used 7899K, committed 8704K, reserved 1048576K
}
Event: 4.462 GC heap after
{Heap after GC invocations=14 (full 0):
 garbage-first heap   total 100352K, used 36938K [0x0000000080000000, 0x0000000100000000)
  region size 1024K, 3 young (3072K), 3 survivors (3072K)
 Metaspace       used 58529K, committed 60096K, reserved 1114112K
  class space    used 7899K, committed 8704K, reserved 1048576K
}
Event: 5.095 GC heap before
{Heap before GC invocations=15 (full 0):
 garbage-first heap   total 100352K, used 87114K [0x0000000080000000, 0x0000000100000000)
  region size 1024K, 52 young (53248K), 3 survivors (3072K)
 Metaspace       used 64956K, committed 66624K, reserved 1114112K
  class space    used 8909K, committed 9728K, reserved 1048576K
}
Event: 5.099 GC heap after
{Heap after GC invocations=16 (full 0):
 garbage-first heap   total 100352K, used 40637K [0x0000000080000000, 0x0000000100000000)
  region size 1024K, 7 young (7168K), 7 survivors (7168K)
 Metaspace       used 64956K, committed 66624K, reserved 1114112K
  class space    used 8909K, committed 9728K, reserved 1048576K
}
Event: 5.462 GC heap before
{Heap before GC invocations=16 (full 0):
 garbage-first heap   total 100352K, used 84669K [0x0000000080000000, 0x0000000100000000)
  region size 1024K, 51 young (52224K), 7 survivors (7168K)
 Metaspace       used 66159K, committed 67840K, reserved 1114112K
  class space    used 9036K, committed 9856K, reserved 1048576K
}
Event: 5.468 GC heap after
{Heap after GC invocations=17 (full 0):
 garbage-first heap   total 100352K, used 44562K [0x0000000080000000, 0x0000000100000000)
  region size 1024K, 6 young (6144K), 6 survivors (6144K)
 Metaspace       used 66159K, committed 67840K, reserved 1114112K
  class space    used 9036K, committed 9856K, reserved 1048576K
}
Event: 5.616 GC heap before
{Heap before GC invocations=17 (full 0):
 garbage-first heap   total 100352K, used 86546K [0x0000000080000000, 0x0000000100000000)
  region size 1024K, 48 young (49152K), 6 survivors (6144K)
 Metaspace       used 66602K, committed 68224K, reserved 1114112K
  class space    used 9065K, committed 9856K, reserved 1048576K
}
Event: 5.619 GC heap after
{Heap after GC invocations=18 (full 0):
 garbage-first heap   total 100352K, used 45888K [0x0000000080000000, 0x0000000100000000)
  region size 1024K, 4 young (4096K), 4 survivors (4096K)
 Metaspace       used 66602K, committed 68224K, reserved 1114112K
  class space    used 9065K, committed 9856K, reserved 1048576K
}
Event: 5.717 GC heap before
{Heap before GC invocations=18 (full 0):
 garbage-first heap   total 100352K, used 86848K [0x0000000080000000, 0x0000000100000000)
  region size 1024K, 45 young (46080K), 4 survivors (4096K)
 Metaspace       used 66743K, committed 68352K, reserved 1114112K
  class space    used 9065K, committed 9856K, reserved 1048576K
}
Event: 5.719 GC heap after
{Heap after GC invocations=19 (full 0):
 garbage-first heap   total 100352K, used 46738K [0x0000000080000000, 0x0000000100000000)
  region size 1024K, 5 young (5120K), 5 survivors (5120K)
 Metaspace       used 66743K, committed 68352K, reserved 1114112K
  class space    used 9065K, committed 9856K, reserved 1048576K
}
Event: 5.856 GC heap before
{Heap before GC invocations=20 (full 0):
 garbage-first heap   total 100352K, used 86674K [0x0000000080000000, 0x0000000100000000)
  region size 1024K, 45 young (46080K), 5 survivors (5120K)
 Metaspace       used 66942K, committed 68608K, reserved 1114112K
  class space    used 9099K, committed 9920K, reserved 1048576K
}
Event: 5.860 GC heap after
{Heap after GC invocations=21 (full 0):
 garbage-first heap   total 100352K, used 47832K [0x0000000080000000, 0x0000000100000000)
  region size 1024K, 5 young (5120K), 5 survivors (5120K)
 Metaspace       used 66942K, committed 68608K, reserved 1114112K
  class space    used 9099K, committed 9920K, reserved 1048576K
}
Event: 6.176 GC heap before
{Heap before GC invocations=21 (full 0):
 garbage-first heap   total 100352K, used 98008K [0x0000000080000000, 0x0000000100000000)
  region size 1024K, 41 young (41984K), 5 survivors (5120K)
 Metaspace       used 69027K, committed 70720K, reserved 1114112K
  class space    used 9369K, committed 10176K, reserved 1048576K
}
Event: 6.181 GC heap after
{Heap after GC invocations=22 (full 0):
 garbage-first heap   total 135168K, used 68286K [0x0000000080000000, 0x0000000100000000)
  region size 1024K, 6 young (6144K), 6 survivors (6144K)
 Metaspace       used 69027K, committed 70720K, reserved 1114112K
  class space    used 9369K, committed 10176K, reserved 1048576K
}

